 -1.47861248e-01   6.52445760e-02   2.06030569e-01 
 -2.51629287e-01  -6.40636579e-02  -9.10084342e-02 
 -1.95098785e-01  -5.56617682e-02   9.23540744e-02 
 -1.38233249e-01   7.77512498e-02   1.33347647e-01 
 -1.68324709e-01  -3.11824217e-02   6.59379610e-02 
 -8.83010124e-02   1.66079485e-01  -6.25863019e-02 
 -8.93331189e-02   6.55662426e-03  -1.05018395e-02 
 -1.60095816e-02  -5.59052473e-02  -1.33231835e-01 
 -1.91975655e-01   1.40034149e-01  -6.02890529e-02 
 -1.75696786e-01  -2.03590905e-01  -9.84979676e-03 

   5.144888206431e-09 

 -9.18321742e-02  -5.53021258e-02  -1.05257593e-01 
  1.17210523e-01   1.15074374e-01   1.02091735e-01 
  4.62750099e-02   3.68910495e-02  -5.83578921e-02 
 -6.74597745e-02  -5.92142616e-02  -3.51046078e-02 
  4.53011354e-02   7.74535431e-03  -2.42475472e-02 
 -4.06592127e-02  -1.07855735e-01   1.78439809e-01 
  7.09167356e-02  -6.88706370e-02   5.93094524e-02 
  1.99952602e-01  -1.06742511e-01   1.38398153e-01 
 -5.08941535e-02  -2.07725946e-03   1.66692031e-01 
  2.22251459e-01   7.16720321e-02  -3.53941961e-02 

   1.617584774228e-08 

 -7.85934734e-03  -1.02783087e-01   1.92707492e-02 
  9.27793632e-02   2.18326117e-01   6.90865321e-02 
 -1.31276464e-02   5.85005852e-02   8.03636690e-02 
  2.55285947e-02  -4.82611126e-02  -1.87341635e-02 
 -1.54089271e-03   6.73805542e-02   3.79277553e-02 
  1.38004533e-01   6.91669507e-02  -1.67883575e-01 
  8.67851503e-03   1.10809438e-01  -6.93849003e-02 
 -2.59174092e-02   2.47114948e-01  -1.36942939e-01 
  1.81921174e-01   8.22820083e-02  -7.12849956e-02 
 -8.17130776e-02   2.23903465e-01   1.05715784e-01 

   3.631734032136e-09 

